#
# There is insufficient memory for the Java Runtime Environment to continue.
# Native memory allocation (mmap) failed to map 536870912 bytes for G1 virtual space
# Possible reasons:
#   The system is out of physical RAM or swap space
#   The process is running with CompressedOops enabled, and the Java Heap may be blocking the growth of the native heap
# Possible solutions:
#   Reduce memory load on the system
#   Increase physical memory or swap space
#   Check if swap backing store is full
#   Decrease Java heap size (-Xmx/-Xms)
#   Decrease number of Java threads
#   Decrease Java thread stack sizes (-Xss)
#   Set larger code cache with -XX:ReservedCodeCacheSize=
#   JVM is running with Zero Based Compressed Oops mode in which the Java heap is
#     placed in the first 32GB address space. The Java Heap base address is the
#     maximum limit for the native heap growth. Please use -XX:HeapBaseMinAddress
#     to set the Java Heap base and to place the Java Heap above 32GB virtual address.
# This output file may be truncated or incomplete.
#
#  Out of Memory Error (os_windows.cpp:3613), pid=19488, tid=9860
#
# JRE version:  (17.0.10+7) (build )
# Java VM: OpenJDK 64-Bit Server VM (17.0.10+7, mixed mode, sharing, tiered, compressed oops, compressed class ptrs, g1 gc, windows-amd64)
# No core dump will be written. Minidumps are not enabled by default on client versions of Windows
#

---------------  S U M M A R Y ------------

Command Line: -XX:+ShowCodeDetailsInExceptionMessages -agentlib:jdwp=transport=dt_socket,suspend=y,address=localhost:51632 -javaagent:C:\Users\KOSMO\eclipse\jee-2024-03\eclipse\configuration\org.eclipse.osgi\442\0\.cp\lib\javaagent-shaded.jar -Dfile.encoding=UTF-8 -Dstdout.encoding=UTF-8 -Dstderr.encoding=UTF-8 am.Main

Host: Intel(R) Core(TM) i5-10400F CPU @ 2.90GHz, 12 cores, 31G,  Windows 10 , 64 bit Build 19041 (10.0.19041.3636)
Time: Tue Apr  9 12:13:28 2024  Windows 10 , 64 bit Build 19041 (10.0.19041.3636) elapsed time: 0.006411 seconds (0d 0h 0m 0s)

---------------  T H R E A D  ---------------

Current thread (0x000001bcbc6018c0):  JavaThread "Unknown thread" [_thread_in_vm, id=9860, stack(0x000000afb4300000,0x000000afb4400000)]

Stack: [0x000000afb4300000,0x000000afb4400000]
Native frames: (J=compiled Java code, j=interpreted, Vv=VM code, C=native code)
V  [jvm.dll+0x67d2c9]
V  [jvm.dll+0x834afa]
V  [jvm.dll+0x8365be]
V  [jvm.dll+0x836c23]
V  [jvm.dll+0x2477ff]
V  [jvm.dll+0x67a109]
V  [jvm.dll+0x66eb7a]
V  [jvm.dll+0x30764b]
V  [jvm.dll+0x30eaf6]
V  [jvm.dll+0x35e83e]
V  [jvm.dll+0x35ea6f]
V  [jvm.dll+0x2de248]
V  [jvm.dll+0x2df1b4]
V  [jvm.dll+0x806361]
V  [jvm.dll+0x36c6f1]
V  [jvm.dll+0x7e4e06]
V  [jvm.dll+0x3eff3f]
V  [jvm.dll+0x3f1b71]
C  [jli.dll+0x528f]
C  [ucrtbase.dll+0x21bb2]
C  [KERNEL32.DLL+0x17344]
C  [ntdll.dll+0x526b1]


---------------  P R O C E S S  ---------------

Threads class SMR info:
_java_thread_list=0x00007fffcaf2ee98, length=0, elements={
}

Java Threads: ( => current thread )

Other Threads:
  0x000001bcba36a860 GCTaskThread "GC Thread#0" [stack: 0x000000afb4400000,0x000000afb4500000] [id=4256]
  0x000001bcbc6bdf20 ConcurrentGCThread "G1 Main Marker" [stack: 0x000000afb4500000,0x000000afb4600000] [id=3996]
  0x000001bcbc6be940 ConcurrentGCThread "G1 Conc#0" [stack: 0x000000afb4600000,0x000000afb4700000] [id=20432]

[error occurred during error reporting (printing all threads), id 0xc0000005, EXCEPTION_ACCESS_VIOLATION (0xc0000005) at pc=0x00007fffca6eec87]

VM state: not at safepoint (not fully initialized)

VM Mutex/Monitor currently owned by a thread:  ([mutex/lock_event])
[0x000001bcbc5efbe0] Heap_lock - owner thread: 0x000001bcbc6018c0

Heap address: 0x0000000601400000, size: 8172 MB, Compressed Oops mode: Zero based, Oop shift amount: 3

CDS archive(s) mapped at: [0x0000000000000000-0x0000000000000000-0x0000000000000000), size 0, SharedBaseAddress: 0x0000000800000000, ArchiveRelocationMode: 1.
Narrow klass base: 0x0000000000000000, Narrow klass shift: 0, Narrow klass range: 0x0

GC Precious Log:
<Empty>

Heap:
 garbage-first heap   total 0K, used 0K [0x0000000601400000, 0x0000000800000000)
  region size 4096K, 0 young (0K), 0 survivors (0K)

[error occurred during error reporting (printing heap information), id 0xc0000005, EXCEPTION_ACCESS_VIOLATION (0xc0000005) at pc=0x00007fffcaad6fb9]

GC Heap History (0 events):
No events

Dll operation events (1 events):
Event: 0.004 Loaded shared library C:\Users\KOSMO\.p2\pool\plugins\org.eclipse.justj.openjdk.hotspot.jre.full.win32.x86_64_17.0.10.v20240120-1143\jre\bin\java.dll

Deoptimization events (0 events):
No events

Classes unloaded (0 events):
No events

Classes redefined (0 events):
No events

Internal exceptions (0 events):
No events

VM Operations (0 events):
No events

Events (0 events):
No events


Dynamic libraries:
0x00007ff7ea7e0000 - 0x00007ff7ea7ee000 	C:\Users\KOSMO\.p2\pool\plugins\org.eclipse.justj.openjdk.hotspot.jre.full.win32.x86_64_17.0.10.v20240120-1143\jre\bin\javaw.exe
0x00007ff80f770000 - 0x00007ff80f968000 	C:\Windows\SYSTEM32\ntdll.dll
0x00007ff80ed60000 - 0x00007ff80ee1d000 	C:\Windows\System32\KERNEL32.DLL
0x00007ff80cf20000 - 0x00007ff80d216000 	C:\Windows\System32\KERNELBASE.dll
0x00007ff80ce20000 - 0x00007ff80cf20000 	C:\Windows\System32\ucrtbase.dll
0x00007ff804b60000 - 0x00007ff804b77000 	C:\Users\KOSMO\.p2\pool\plugins\org.eclipse.justj.openjdk.hotspot.jre.full.win32.x86_64_17.0.10.v20240120-1143\jre\bin\jli.dll
0x00007ff8042c0000 - 0x00007ff8042db000 	C:\Users\KOSMO\.p2\pool\plugins\org.eclipse.justj.openjdk.hotspot.jre.full.win32.x86_64_17.0.10.v20240120-1143\jre\bin\VCRUNTIME140.dll
0x00007ff80eb30000 - 0x00007ff80ecce000 	C:\Windows\System32\USER32.dll
0x00007ff80d4a0000 - 0x00007ff80d4c2000 	C:\Windows\System32\win32u.dll
0x00007ffff53a0000 - 0x00007ffff563a000 	C:\Windows\WinSxS\amd64_microsoft.windows.common-controls_6595b64144ccf1df_6.0.19041.3636_none_60b6a03d71f818d5\COMCTL32.dll
0x00007ff80dc90000 - 0x00007ff80dcbb000 	C:\Windows\System32\GDI32.dll
0x00007ff80ee90000 - 0x00007ff80ef2e000 	C:\Windows\System32\msvcrt.dll
0x00007ff80d5f0000 - 0x00007ff80d707000 	C:\Windows\System32\gdi32full.dll
0x00007ff80d3d0000 - 0x00007ff80d46d000 	C:\Windows\System32\msvcp_win.dll
0x00007ff80f690000 - 0x00007ff80f6c2000 	C:\Windows\System32\IMM32.DLL
0x00007ff804b50000 - 0x00007ff804b5c000 	C:\Users\KOSMO\.p2\pool\plugins\org.eclipse.justj.openjdk.hotspot.jre.full.win32.x86_64_17.0.10.v20240120-1143\jre\bin\vcruntime140_1.dll
0x00007fffe8100000 - 0x00007fffe818d000 	C:\Users\KOSMO\.p2\pool\plugins\org.eclipse.justj.openjdk.hotspot.jre.full.win32.x86_64_17.0.10.v20240120-1143\jre\bin\msvcp140.dll
0x00007fffca400000 - 0x00007fffcb062000 	C:\Users\KOSMO\.p2\pool\plugins\org.eclipse.justj.openjdk.hotspot.jre.full.win32.x86_64_17.0.10.v20240120-1143\jre\bin\server\jvm.dll
0x00007ff80dce0000 - 0x00007ff80dd90000 	C:\Windows\System32\ADVAPI32.dll
0x00007ff80e320000 - 0x00007ff80e3c0000 	C:\Windows\System32\sechost.dll
0x00007ff80dae0000 - 0x00007ff80dc05000 	C:\Windows\System32\RPCRT4.dll
0x00007ff80d470000 - 0x00007ff80d497000 	C:\Windows\System32\bcrypt.dll
0x00007ff8083b0000 - 0x00007ff8083b9000 	C:\Windows\SYSTEM32\WSOCK32.dll
0x00007ff80c630000 - 0x00007ff80c67b000 	C:\Windows\SYSTEM32\POWRPROF.dll
0x00007ff80f000000 - 0x00007ff80f06b000 	C:\Windows\System32\WS2_32.dll
0x00007ffffa9f0000 - 0x00007ffffaa17000 	C:\Windows\SYSTEM32\WINMM.dll
0x00007ff807860000 - 0x00007ff80786a000 	C:\Windows\SYSTEM32\VERSION.dll
0x00007ff80c610000 - 0x00007ff80c622000 	C:\Windows\SYSTEM32\UMPDC.dll
0x00007ff80acf0000 - 0x00007ff80ad02000 	C:\Windows\SYSTEM32\kernel.appcore.dll
0x00007ff8080e0000 - 0x00007ff8080ea000 	C:\Users\KOSMO\.p2\pool\plugins\org.eclipse.justj.openjdk.hotspot.jre.full.win32.x86_64_17.0.10.v20240120-1143\jre\bin\jimage.dll
0x00007ffff3090000 - 0x00007ffff3274000 	C:\Windows\SYSTEM32\DBGHELP.DLL
0x00007ffff3040000 - 0x00007ffff3074000 	C:\Windows\SYSTEM32\dbgcore.DLL
0x00007ff80d710000 - 0x00007ff80d792000 	C:\Windows\System32\bcryptPrimitives.dll
0x00007ff804280000 - 0x00007ff8042bb000 	C:\Users\KOSMO\.p2\pool\plugins\org.eclipse.justj.openjdk.hotspot.jre.full.win32.x86_64_17.0.10.v20240120-1143\jre\bin\jdwp.dll
0x00007ff804270000 - 0x00007ff80427e000 	C:\Users\KOSMO\.p2\pool\plugins\org.eclipse.justj.openjdk.hotspot.jre.full.win32.x86_64_17.0.10.v20240120-1143\jre\bin\instrument.dll
0x00007ffffab40000 - 0x00007ffffab65000 	C:\Users\KOSMO\.p2\pool\plugins\org.eclipse.justj.openjdk.hotspot.jre.full.win32.x86_64_17.0.10.v20240120-1143\jre\bin\java.dll

dbghelp: loaded successfully - version: 4.0.5 - missing functions: none
symbol engine: initialized successfully - sym options: 0x614 - pdb path: .;C:\Users\KOSMO\.p2\pool\plugins\org.eclipse.justj.openjdk.hotspot.jre.full.win32.x86_64_17.0.10.v20240120-1143\jre\bin;C:\Windows\SYSTEM32;C:\Windows\WinSxS\amd64_microsoft.windows.common-controls_6595b64144ccf1df_6.0.19041.3636_none_60b6a03d71f818d5;C:\Users\KOSMO\.p2\pool\plugins\org.eclipse.justj.openjdk.hotspot.jre.full.win32.x86_64_17.0.10.v20240120-1143\jre\bin\server

VM Arguments:
jvm_args: -XX:+ShowCodeDetailsInExceptionMessages -agentlib:jdwp=transport=dt_socket,suspend=y,address=localhost:51632 -javaagent:C:\Users\KOSMO\eclipse\jee-2024-03\eclipse\configuration\org.eclipse.osgi\442\0\.cp\lib\javaagent-shaded.jar -Dfile.encoding=UTF-8 -Dstdout.encoding=UTF-8 -Dstderr.encoding=UTF-8 
java_command: am.Main
java_class_path (initial): C:\data\java\ex02\bin
Launcher Type: SUN_STANDARD

[Global flags]
     intx CICompilerCount                          = 4                                         {product} {ergonomic}
     uint ConcGCThreads                            = 3                                         {product} {ergonomic}
     uint G1ConcRefinementThreads                  = 10                                        {product} {ergonomic}
   size_t G1HeapRegionSize                         = 4194304                                   {product} {ergonomic}
    uintx GCDrainStackTargetSize                   = 64                                        {product} {ergonomic}
   size_t InitialHeapSize                          = 536870912                                 {product} {ergonomic}
   size_t MarkStackSize                            = 4194304                                   {product} {ergonomic}
   size_t MaxHeapSize                              = 8568963072                                {product} {ergonomic}
   size_t MinHeapDeltaBytes                        = 4194304                                   {product} {ergonomic}
   size_t MinHeapSize                              = 8388608                                   {product} {ergonomic}
    uintx NonNMethodCodeHeapSize                   = 5839372                                {pd product} {ergonomic}
    uintx NonProfiledCodeHeapSize                  = 122909434                              {pd product} {ergonomic}
    uintx ProfiledCodeHeapSize                     = 122909434                              {pd product} {ergonomic}
    uintx ReservedCodeCacheSize                    = 251658240                              {pd product} {ergonomic}
     bool SegmentedCodeCache                       = true                                      {product} {ergonomic}
     bool ShowCodeDetailsInExceptionMessages       = true                                   {manageable} {command line}
   size_t SoftMaxHeapSize                          = 8568963072                             {manageable} {ergonomic}
     bool UseCompressedClassPointers               = true                           {product lp64_product} {ergonomic}
     bool UseCompressedOops                        = true                           {product lp64_product} {ergonomic}
     bool UseG1GC                                  = true                                      {product} {ergonomic}
     bool UseLargePagesIndividualAllocation        = false                                  {pd product} {ergonomic}

Logging:
Log output configuration:
 #0: stdout all=warning uptime,level,tags
 #1: stderr all=off uptime,level,tags

Environment Variables:
PATH=C:\Users\KOSMO\.p2\pool\plugins\org.eclipse.justj.openjdk.hotspot.jre.full.win32.x86_64_17.0.10.v20240120-1143\jre\bin;C:/Users/KOSMO/.p2/pool/plugins/org.eclipse.justj.openjdk.hotspot.jre.full.win32.x86_64_17.0.10.v20240120-1143/jre/bin/server;C:/Users/KOSMO/.p2/pool/plugins/org.eclipse.justj.openjdk.hotspot.jre.full.win32.x86_64_17.0.10.v20240120-1143/jre/bin;C:\Windows\system32;C:\Windows;C:\Windows\System32\Wbem;C:\Windows\System32\WindowsPowerShell\v1.0\;C:\Windows\System32\OpenSSH\;C:\Program Files\nodejs\;C:\Users\KOSMO\AppData\Local\Programs\Python\Python312\Scripts\;C:\Users\KOSMO\AppData\Local\Programs\Python\Python312\;C:\Users\KOSMO\AppData\Local\Microsoft\WindowsApps;C:\Users\KOSMO\AppData\Local\Programs\Microsoft VS Code\bin;C:\Users\KOSMO\AppData\Roaming\npm;C:\Users\KOSMO\Desktop;
USERNAME=KOSMO
OS=Windows_NT
PROCESSOR_IDENTIFIER=Intel64 Family 6 Model 165 Stepping 3, GenuineIntel
TMP=C:\Users\KOSMO\AppData\Local\Temp
TEMP=C:\Users\KOSMO\AppData\Local\Temp



Periodic native trim disabled


---------------  S Y S T E M  ---------------

OS:
 Windows 10 , 64 bit Build 19041 (10.0.19041.3636)
OS uptime: 6 days 0:31 hours

CPU: total 12 (initial active 12) (6 cores per cpu, 2 threads per core) family 6 model 165 stepping 3 microcode 0xe0, cx8, cmov, fxsr, ht, mmx, 3dnowpref, sse, sse2, sse3, ssse3, sse4.1, sse4.2, popcnt, lzcnt, tsc, tscinvbit, avx, avx2, aes, erms, clmul, bmi1, bmi2, adx, fma, vzeroupper, clflush, clflushopt
Processor Information for all 12 processors :
  Max Mhz: 2904, Current Mhz: 2904, Mhz Limit: 2904

Memory: 4k page, system-wide physical 32681M (24097M free)
TotalPageFile size 61216M (AvailPageFile size 82M)
current process WorkingSet (physical memory assigned to process): 11M, peak: 11M
current process commit charge ("private bytes"): 64M, peak: 576M

vm_info: OpenJDK 64-Bit Server VM (17.0.10+7) for windows-amd64 JRE (17.0.10+7), built on Jan 16 2024 23:25:11 by "admin" with MS VC++ 16.10 / 16.11 (VS2019)

END.
